<?xml version="1.0" encoding="utf-8"?><testsuites name="pytest tests"><testsuite name="pytest" errors="0" failures="0" skipped="0" tests="13" time="6.670" timestamp="2026-03-16T07:36:01.218834+00:00" hostname="agent-env-3810334d-2415-41ac-9542-53263a5f3d74"><testcase classname="tests.test_admin_ip_update.TestNetworkDetection" name="test_detect_network_returns_client_ip" time="2.852" /><testcase classname="tests.test_admin_ip_update.TestNetworkDetection" name="test_detect_network_when_ip_not_matching" time="0.141" /><testcase classname="tests.test_admin_ip_update.TestNetworkDetection" name="test_detect_network_returns_configured_ips" time="0.171" /><testcase classname="tests.test_admin_ip_update.TestAdminLogin" name="test_admin_login_success" time="0.618" /><testcase classname="tests.test_admin_ip_update.TestAdminLogin" name="test_admin_login_invalid_credentials" time="0.199" /><testcase classname="tests.test_admin_ip_update.TestAdminLogin" name="test_non_admin_user_role_check" time="0.408" /><testcase classname="tests.test_admin_ip_update.TestUpdateCompanyIP" name="test_update_company_ip_success" time="0.209" /><testcase classname="tests.test_admin_ip_update.TestUpdateCompanyIP" name="test_update_company_ip_with_location_name" time="0.119" /><testcase classname="tests.test_admin_ip_update.TestUpdateCompanyIP" name="test_ip_persisted_in_database" time="0.143" /><testcase classname="tests.test_admin_ip_update.TestEndToEndFlow" name="test_full_flow_blocked_to_unblocked" time="0.613" /><testcase classname="tests.test_admin_ip_update.TestUIDataFlow" name="test_detect_network_response_structure" time="0.165" /><testcase classname="tests.test_admin_ip_update.TestUIDataFlow" name="test_update_ip_response_structure" time="0.126" /><testcase classname="tests.test_admin_ip_update.TestUIDataFlow" name="test_login_response_has_role" time="0.440" /></testsuite></testsuites>