<?xml version="1.0" encoding="utf-8"?><testsuites name="pytest tests"><testsuite name="pytest" errors="0" failures="0" skipped="1" tests="15" time="66.052" timestamp="2026-01-06T10:02:23.836459+00:00" hostname="agent-env-13dcc5ee-e45c-404c-876a-6ef87ecaa4e8"><testcase classname="tests.test_advanced_reports.TestAdvancedReportsAPIs" name="test_get_payroll_periods" time="0.407" /><testcase classname="tests.test_advanced_reports.TestAdvancedReportsAPIs" name="test_payroll_comparison_missing_params" time="0.340" /><testcase classname="tests.test_advanced_reports.TestAdvancedReportsAPIs" name="test_payroll_comparison_invalid_periods" time="0.378" /><testcase classname="tests.test_advanced_reports.TestAdvancedReportsAPIs" name="test_payroll_comparison_valid_periods" time="0.342"><skipped type="pytest.skip" message="Need at least 2 payroll periods for comparison test">/app/tests/test_advanced_reports.py:73: Need at least 2 payroll periods for comparison test</skipped></testcase><testcase classname="tests.test_advanced_reports.TestAdvancedReportsAPIs" name="test_monthly_financial_report_current_month" time="0.333" /><testcase classname="tests.test_advanced_reports.TestAdvancedReportsAPIs" name="test_monthly_financial_report_january_2026" time="0.344" /><testcase classname="tests.test_advanced_reports.TestAdvancedReportsAPIs" name="test_centers_performance_all_time" time="0.354" /><testcase classname="tests.test_advanced_reports.TestAdvancedReportsAPIs" name="test_centers_performance_with_date_filter" time="0.339" /><testcase classname="tests.test_advanced_reports.TestAdvancedReportsAPIs" name="test_inventory_alerts" time="0.337" /><testcase classname="tests.test_advanced_reports.TestAdvancedReportsAPIs" name="test_set_inventory_threshold" time="0.358" /><testcase classname="tests.test_advanced_reports.TestAdvancedReportsAPIs" name="test_set_inventory_threshold_missing_params" time="0.326" /><testcase classname="tests.test_advanced_reports.TestAdvancedReportsAPIs" name="test_send_inventory_alerts_missing_email" time="0.334" /><testcase classname="tests.test_advanced_reports.TestAdvancedReportsAPIs" name="test_send_inventory_alerts_with_email" time="60.491" /><testcase classname="tests.test_advanced_reports.TestAdvancedReportsAPIs" name="test_get_notification_settings" time="0.607" /><testcase classname="tests.test_advanced_reports.TestAdvancedReportsAPIs" name="test_update_notification_settings" time="0.487" /></testsuite></testsuites>