<?xml version="1.0" encoding="utf-8"?><testsuites name="pytest tests"><testsuite name="pytest" errors="0" failures="0" skipped="0" tests="13" time="4.598" timestamp="2026-01-28T06:49:44.428437+00:00" hostname="agent-env-294a0944-9e1c-456c-ab84-a339ddfb72df"><testcase classname="backend.tests.test_advanced_inventory_supplier.TestSupplierPortalFeedTypes" name="test_get_feed_types_no_auth" time="0.106" /><testcase classname="backend.tests.test_advanced_inventory_supplier.TestSupplierPortalFeedTypes" name="test_feed_types_have_required_fields" time="0.055" /><testcase classname="backend.tests.test_advanced_inventory_supplier.TestAdvancedInventoryBatches" name="test_get_batches" time="0.396" /><testcase classname="backend.tests.test_advanced_inventory_supplier.TestAdvancedInventoryBatches" name="test_get_batches_with_filters" time="0.395" /><testcase classname="backend.tests.test_advanced_inventory_supplier.TestAdvancedInventoryBatches" name="test_get_expiring_batches" time="0.421" /><testcase classname="backend.tests.test_advanced_inventory_supplier.TestAdvancedInventoryCycleCounts" name="test_get_cycle_counts" time="0.383" /><testcase classname="backend.tests.test_advanced_inventory_supplier.TestAdvancedInventoryCycleCounts" name="test_get_cycle_counts_with_status_filter" time="0.380" /><testcase classname="backend.tests.test_advanced_inventory_supplier.TestAdvancedInventoryReturns" name="test_get_returns" time="0.390" /><testcase classname="backend.tests.test_advanced_inventory_supplier.TestAdvancedInventoryReturns" name="test_get_returns_with_type_filter" time="0.383" /><testcase classname="backend.tests.test_advanced_inventory_supplier.TestAdvancedInventoryValuation" name="test_get_valuation" time="0.382" /><testcase classname="backend.tests.test_advanced_inventory_supplier.TestAdvancedInventoryValuation" name="test_get_valuation_with_method" time="0.378" /><testcase classname="backend.tests.test_advanced_inventory_supplier.TestAdvancedInventoryValuation" name="test_get_turnover" time="0.390" /><testcase classname="backend.tests.test_advanced_inventory_supplier.TestCreateBatchAndVerify" name="test_create_batch_and_get" time="0.424" /></testsuite></testsuites>