<?xml version="1.0" encoding="utf-8"?><testsuites name="pytest tests"><testsuite name="pytest" errors="0" failures="1" skipped="0" tests="13" time="6.813" timestamp="2026-01-28T06:39:46.108858+00:00" hostname="agent-env-294a0944-9e1c-456c-ab84-a339ddfb72df"><testcase classname="backend.tests.test_advanced_inventory_supplier.TestSupplierPortalFeedTypes" name="test_get_feed_types_no_auth" time="2.227" /><testcase classname="backend.tests.test_advanced_inventory_supplier.TestSupplierPortalFeedTypes" name="test_feed_types_have_required_fields" time="0.060" /><testcase classname="backend.tests.test_advanced_inventory_supplier.TestAdvancedInventoryBatches" name="test_get_batches" time="0.382" /><testcase classname="backend.tests.test_advanced_inventory_supplier.TestAdvancedInventoryBatches" name="test_get_batches_with_filters" time="0.385" /><testcase classname="backend.tests.test_advanced_inventory_supplier.TestAdvancedInventoryBatches" name="test_get_expiring_batches" time="0.378" /><testcase classname="backend.tests.test_advanced_inventory_supplier.TestAdvancedInventoryCycleCounts" name="test_get_cycle_counts" time="0.411" /><testcase classname="backend.tests.test_advanced_inventory_supplier.TestAdvancedInventoryCycleCounts" name="test_get_cycle_counts_with_status_filter" time="0.377" /><testcase classname="backend.tests.test_advanced_inventory_supplier.TestAdvancedInventoryReturns" name="test_get_returns" time="0.381" /><testcase classname="backend.tests.test_advanced_inventory_supplier.TestAdvancedInventoryReturns" name="test_get_returns_with_type_filter" time="0.381" /><testcase classname="backend.tests.test_advanced_inventory_supplier.TestAdvancedInventoryValuation" name="test_get_valuation" time="0.403" /><testcase classname="backend.tests.test_advanced_inventory_supplier.TestAdvancedInventoryValuation" name="test_get_valuation_with_method" time="0.377" /><testcase classname="backend.tests.test_advanced_inventory_supplier.TestAdvancedInventoryValuation" name="test_get_turnover" time="0.391" /><testcase classname="backend.tests.test_advanced_inventory_supplier.TestCreateBatchAndVerify" name="test_create_batch_and_get" time="0.412"><failure message="assert 520 == 200&#10; +  where 520 = &lt;Response [520]&gt;.status_code">backend/tests/test_advanced_inventory_supplier.py:189: in test_create_batch_and_get
    assert response.status_code == 200
E   assert 520 == 200
E    +  where 520 = &lt;Response [520]&gt;.status_code</failure></testcase></testsuite></testsuites>