<?xml version="1.0" encoding="utf-8"?><testsuites name="pytest tests"><testsuite name="pytest" errors="0" failures="0" skipped="0" tests="6" time="5.614" timestamp="2026-03-04T08:38:35.198375+00:00" hostname="agent-env-2e301585-5747-43db-bd68-65cd39e3244b"><testcase classname="backend.tests.test_bilingual_tracking.TestNetworkDetection" name="test_detect_network_returns_client_ip" time="4.690" /><testcase classname="backend.tests.test_bilingual_tracking.TestNetworkDetection" name="test_detect_network_company_ip_check" time="0.132" /><testcase classname="backend.tests.test_bilingual_tracking.TestEmployeeLogin" name="test_login_with_valid_employee_code" time="0.163" /><testcase classname="backend.tests.test_bilingual_tracking.TestEmployeeLogin" name="test_login_with_invalid_code" time="0.128" /><testcase classname="backend.tests.test_bilingual_tracking.TestEmployeeLogin" name="test_login_without_credentials" time="0.146" /><testcase classname="backend.tests.test_bilingual_tracking.TestTrackingSettings" name="test_get_tracking_settings" time="0.122" /></testsuite></testsuites>