<?xml version="1.0" encoding="utf-8"?><testsuites name="pytest tests"><testsuite name="pytest" errors="0" failures="0" skipped="0" tests="9" time="3.864" timestamp="2026-02-02T08:41:31.578160+00:00" hostname="agent-env-7328f9ae-4eec-4ceb-a8fa-273dc9c1777d"><testcase classname="backend.tests.test_driver_tasks_delete.TestDriverTasksDelete" name="test_get_vehicles_list" time="0.391" /><testcase classname="backend.tests.test_driver_tasks_delete.TestDriverTasksDelete" name="test_get_driver_tasks" time="0.389" /><testcase classname="backend.tests.test_driver_tasks_delete.TestDriverTasksDelete" name="test_create_driver_task_with_vehicle" time="0.429" /><testcase classname="backend.tests.test_driver_tasks_delete.TestDriverTasksDelete" name="test_delete_driver_task" time="0.545" /><testcase classname="backend.tests.test_driver_tasks_delete.TestDriverTasksDelete" name="test_delete_nonexistent_task" time="0.385" /><testcase classname="backend.tests.test_driver_tasks_delete.TestDriverTasksDelete" name="test_driver_tasks_summary" time="0.373" /><testcase classname="backend.tests.test_driver_tasks_delete.TestVehicleFleetIntegration" name="test_create_vehicle" time="0.385" /><testcase classname="backend.tests.test_driver_tasks_delete.TestVehicleFleetIntegration" name="test_vehicles_available_for_driver_tasks" time="0.379" /><testcase classname="backend.tests.test_driver_tasks_delete.TestCleanup" name="test_cleanup_test_tasks" time="0.467" /></testsuite></testsuites>