<?xml version="1.0" encoding="utf-8"?><testsuites name="pytest tests"><testsuite name="pytest" errors="0" failures="1" skipped="0" tests="15" time="19.748" timestamp="2026-01-15T22:50:25.062989+00:00" hostname="agent-env-e1a93f6c-0716-4ead-b15a-6f4dfe8acb54"><testcase classname="tests.test_ekomilk_import_payroll.TestAuth" name="test_login_success" time="1.532" /><testcase classname="tests.test_ekomilk_import_payroll.TestEkomilkImport" name="test_import_ekomilk_xls_file" time="8.977" /><testcase classname="tests.test_ekomilk_import_payroll.TestEkomilkImport" name="test_import_recognizes_ekomilk_columns" time="1.968" /><testcase classname="tests.test_ekomilk_import_payroll.TestEkomilkImport" name="test_date_format_conversion" time="0.252" /><testcase classname="tests.test_ekomilk_import_payroll.TestEkomilkImport" name="test_milk_type_conversion" time="0.201" /><testcase classname="tests.test_ekomilk_import_payroll.TestEkomilkImport" name="test_auto_create_new_suppliers" time="0.170" /><testcase classname="tests.test_ekomilk_import_payroll.TestEkomilkImport" name="test_import_invalid_file_type" time="0.153" /><testcase classname="tests.test_ekomilk_import_payroll.TestPayrollLeaveLogic" name="test_get_employees" time="0.731" /><testcase classname="tests.test_ekomilk_import_payroll.TestPayrollLeaveLogic" name="test_get_payroll_periods" time="0.128"><failure message="assert 404 == 200&#10; +  where 404 = &lt;Response [404]&gt;.status_code">tests/test_ekomilk_import_payroll.py:276: in test_get_payroll_periods
    assert response.status_code == 200
E   assert 404 == 200
E    +  where 404 = &lt;Response [404]&gt;.status_code</failure></testcase><testcase classname="tests.test_ekomilk_import_payroll.TestPayrollLeaveLogic" name="test_create_attendance_with_leave_status" time="0.461" /><testcase classname="tests.test_ekomilk_import_payroll.TestPayrollLeaveLogic" name="test_leave_request_approval_creates_leave_attendance" time="0.978" /><testcase classname="tests.test_ekomilk_import_payroll.TestMilkReceptionsAPI" name="test_get_milk_receptions" time="1.270" /><testcase classname="tests.test_ekomilk_import_payroll.TestMilkReceptionsAPI" name="test_get_suppliers" time="0.512" /><testcase classname="tests.test_ekomilk_import_payroll.TestSuppliersAPI" name="test_search_suppliers_by_code" time="1.037" /><testcase classname="tests.test_ekomilk_import_payroll.TestSuppliersAPI" name="test_get_supplier_by_id" time="0.396" /></testsuite></testsuites>