<?xml version="1.0" encoding="utf-8"?><testsuites name="pytest tests"><testsuite name="pytest" errors="0" failures="0" skipped="0" tests="8" time="1.656" timestamp="2026-03-05T05:00:58.955246+00:00" hostname="agent-env-3810334d-2415-41ac-9542-53263a5f3d74"><testcase classname="backend.tests.test_employee_tracking_map.TestEmployeeTrackingAPIs" name="test_attendance_based_employees_returns_data" time="0.225" /><testcase classname="backend.tests.test_employee_tracking_map.TestEmployeeTrackingAPIs" name="test_attendance_based_employees_with_date_param" time="0.171" /><testcase classname="backend.tests.test_employee_tracking_map.TestEmployeeTrackingAPIs" name="test_gps_employees_endpoint" time="0.169" /><testcase classname="backend.tests.test_employee_tracking_map.TestEmployeeTrackingAPIs" name="test_all_employees_endpoint" time="0.163" /><testcase classname="backend.tests.test_employee_tracking_map.TestEmployeeTrackingAPIs" name="test_attendance_based_employees_have_required_fields" time="0.197" /><testcase classname="backend.tests.test_employee_tracking_map.TestEmployeeTrackingAPIs" name="test_employee_ids_are_strings_for_marker_consistency" time="0.184" /><testcase classname="backend.tests.test_employee_tracking_map.TestTrackingSettings" name="test_get_tracking_settings" time="0.148" /><testcase classname="backend.tests.test_employee_tracking_map.TestTrackingSettings" name="test_work_locations_have_coordinates" time="0.143" /></testsuite></testsuites>