<?xml version="1.0" encoding="utf-8"?><testsuites name="pytest tests"><testsuite name="pytest" errors="0" failures="0" skipped="0" tests="11" time="7.905" timestamp="2026-02-02T07:53:28.447276+00:00" hostname="agent-env-7328f9ae-4eec-4ceb-a8fa-273dc9c1777d"><testcase classname="backend.tests.test_employee_signatures.TestEmployeeSignatures" name="test_01_login_success" time="0.601" /><testcase classname="backend.tests.test_employee_signatures.TestEmployeeSignatures" name="test_02_get_employees_list" time="0.965" /><testcase classname="backend.tests.test_employee_signatures.TestEmployeeSignatures" name="test_03_upload_signature_success" time="0.693" /><testcase classname="backend.tests.test_employee_signatures.TestEmployeeSignatures" name="test_04_verify_signature_in_employee" time="0.644" /><testcase classname="backend.tests.test_employee_signatures.TestEmployeeSignatures" name="test_05_upload_signature_invalid_file_type" time="0.751" /><testcase classname="backend.tests.test_employee_signatures.TestEmployeeSignatures" name="test_06_upload_signature_file_too_large" time="0.867" /><testcase classname="backend.tests.test_employee_signatures.TestEmployeeSignatures" name="test_07_upload_signature_nonexistent_employee" time="0.746" /><testcase classname="backend.tests.test_employee_signatures.TestEmployeeSignatures" name="test_08_get_authorized_signatures" time="0.688" /><testcase classname="backend.tests.test_employee_signatures.TestEmployeeSignatures" name="test_09_delete_signature_success" time="0.954" /><testcase classname="backend.tests.test_employee_signatures.TestEmployeeSignatures" name="test_10_delete_signature_nonexistent_employee" time="0.603" /><testcase classname="backend.tests.test_employee_signatures.TestEmployeeSignatures" name="test_11_upload_signature_without_auth" time="0.161" /></testsuite></testsuites>