<?xml version="1.0" encoding="utf-8"?><testsuites name="pytest tests"><testsuite name="pytest" errors="0" failures="3" skipped="0" tests="9" time="7.342" timestamp="2026-03-05T04:06:57.459234+00:00" hostname="agent-env-2e301585-5747-43db-bd68-65cd39e3244b"><testcase classname="tests.test_exit_logs_hr_table.TestRangeExitLogsEndpoints" name="test_get_range_exit_logs_returns_array" time="5.309" /><testcase classname="tests.test_exit_logs_hr_table.TestRangeExitLogsEndpoints" name="test_get_range_exit_logs_with_date_parameter" time="0.201" /><testcase classname="tests.test_exit_logs_hr_table.TestRangeExitLogsEndpoints" name="test_get_range_exit_logs_for_employee" time="0.210" /><testcase classname="tests.test_exit_logs_hr_table.TestRangeExitLogsEndpoints" name="test_get_range_exit_logs_for_employee_with_date" time="0.152" /><testcase classname="tests.test_exit_logs_hr_table.TestHRAttendanceEndpoints" name="test_attendance_endpoint_exists" time="0.180"><failure message="assert 403 == 200&#10; +  where 403 = &lt;Response [403]&gt;.status_code">tests/test_exit_logs_hr_table.py:59: in test_attendance_endpoint_exists
    assert response.status_code == 200
E   assert 403 == 200
E    +  where 403 = &lt;Response [403]&gt;.status_code</failure></testcase><testcase classname="tests.test_exit_logs_hr_table.TestHRAttendanceEndpoints" name="test_attendance_record_fields" time="0.197"><failure message="assert 403 == 200&#10; +  where 403 = &lt;Response [403]&gt;.status_code">tests/test_exit_logs_hr_table.py:67: in test_attendance_record_fields
    assert response.status_code == 200
E   assert 403 == 200
E    +  where 403 = &lt;Response [403]&gt;.status_code</failure></testcase><testcase classname="tests.test_exit_logs_hr_table.TestHRAttendanceEndpoints" name="test_attendance_with_date_range" time="0.380"><failure message="assert 403 == 200&#10; +  where 403 = &lt;Response [403]&gt;.status_code">tests/test_exit_logs_hr_table.py:88: in test_attendance_with_date_range
    assert response.status_code == 200
E   assert 403 == 200
E    +  where 403 = &lt;Response [403]&gt;.status_code</failure></testcase><testcase classname="tests.test_exit_logs_hr_table.TestTrackingSettings" name="test_get_tracking_settings" time="0.151" /><testcase classname="tests.test_exit_logs_hr_table.TestGPSAttendanceApproval" name="test_get_pending_gps_approvals" time="0.153" /></testsuite></testsuites>