<?xml version="1.0" encoding="utf-8"?><testsuites name="pytest tests"><testsuite name="pytest" errors="0" failures="0" skipped="0" tests="13" time="5.035" timestamp="2026-01-28T11:35:24.091933+00:00" hostname="agent-env-2b8cebed-9901-4580-9a8d-551a320c3ab2"><testcase classname="backend.tests.test_external_work.TestExternalWorkAPIs" name="test_01_get_employees_for_external_work" time="0.408" /><testcase classname="backend.tests.test_external_work.TestExternalWorkAPIs" name="test_02_get_external_work_requests_empty_or_list" time="0.333" /><testcase classname="backend.tests.test_external_work.TestExternalWorkAPIs" name="test_03_create_external_work_request" time="0.418" /><testcase classname="backend.tests.test_external_work.TestExternalWorkAPIs" name="test_04_get_external_work_request_by_id" time="0.332" /><testcase classname="backend.tests.test_external_work.TestExternalWorkAPIs" name="test_05_get_external_work_with_status_filter" time="0.344" /><testcase classname="backend.tests.test_external_work.TestExternalWorkAPIs" name="test_06_get_external_work_with_employee_filter" time="0.330" /><testcase classname="backend.tests.test_external_work.TestExternalWorkAPIs" name="test_07_approve_external_work_request" time="0.374" /><testcase classname="backend.tests.test_external_work.TestExternalWorkAPIs" name="test_08_verify_attendance_created_after_approval" time="0.353" /><testcase classname="backend.tests.test_external_work.TestExternalWorkAPIs" name="test_09_reject_external_work_request" time="0.434" /><testcase classname="backend.tests.test_external_work.TestExternalWorkAPIs" name="test_10_cannot_approve_already_processed_request" time="0.339" /><testcase classname="backend.tests.test_external_work.TestExternalWorkAPIs" name="test_11_delete_external_work_request" time="0.423" /><testcase classname="backend.tests.test_external_work.TestExternalWorkAPIs" name="test_12_get_nonexistent_request_returns_404" time="0.328" /><testcase classname="backend.tests.test_external_work.TestExternalWorkAPIs" name="test_13_cleanup_test_data" time="0.457" /></testsuite></testsuites>