<?xml version="1.0" encoding="utf-8"?><testsuites name="pytest tests"><testsuite name="pytest" errors="0" failures="0" skipped="0" tests="7" time="5.297" timestamp="2026-01-15T21:27:14.759930+00:00" hostname="agent-env-e1a93f6c-0716-4ead-b15a-6f4dfe8acb54"><testcase classname="tests.test_extra_pay_approvals.TestExtraPayApprovals" name="test_get_pending_extra_pay_requests" time="0.776" /><testcase classname="tests.test_extra_pay_approvals.TestExtraPayApprovals" name="test_get_pending_extra_pay_with_date_filter" time="0.649" /><testcase classname="tests.test_extra_pay_approvals.TestExtraPayApprovals" name="test_approve_extra_pay_request" time="0.821" /><testcase classname="tests.test_extra_pay_approvals.TestExtraPayApprovals" name="test_reject_extra_pay_request" time="0.796" /><testcase classname="tests.test_extra_pay_approvals.TestExtraPayApprovals" name="test_bulk_approve_extra_pay_requests" time="0.776" /><testcase classname="tests.test_extra_pay_approvals.TestExtraPayApprovals" name="test_approve_nonexistent_request" time="0.559" /><testcase classname="tests.test_extra_pay_approvals.TestUserPermissions" name="test_admin_user_has_access" time="0.623" /></testsuite></testsuites>