<?xml version="1.0" encoding="utf-8"?><testsuites name="pytest tests"><testsuite name="pytest" errors="0" failures="0" skipped="0" tests="20" time="5.292" timestamp="2026-01-06T05:19:29.119538+00:00" hostname="agent-env-13dcc5ee-e45c-404c-876a-6ef87ecaa4e8"><testcase classname="tests.test_finance_system.TestFinanceSystemAuth" name="test_login_success" time="0.515" /><testcase classname="tests.test_finance_system.TestChartOfAccounts" name="test_initialize_chart_of_accounts" time="0.464" /><testcase classname="tests.test_finance_system.TestChartOfAccounts" name="test_get_all_accounts" time="0.074" /><testcase classname="tests.test_finance_system.TestChartOfAccounts" name="test_get_accounts_by_type" time="0.195" /><testcase classname="tests.test_finance_system.TestChartOfAccounts" name="test_create_account" time="0.070" /><testcase classname="tests.test_finance_system.TestJournalEntries" name="test_get_journal_entries" time="0.606" /><testcase classname="tests.test_finance_system.TestJournalEntries" name="test_create_journal_entry" time="0.145" /><testcase classname="tests.test_finance_system.TestJournalEntries" name="test_create_unbalanced_entry_fails" time="0.070" /><testcase classname="tests.test_finance_system.TestFixedAssets" name="test_get_fixed_assets" time="0.543" /><testcase classname="tests.test_finance_system.TestFixedAssets" name="test_create_fixed_asset" time="0.071" /><testcase classname="tests.test_finance_system.TestFixedAssets" name="test_get_fixed_assets_by_category" time="0.071" /><testcase classname="tests.test_finance_system.TestBudgets" name="test_get_budgets" time="0.467" /><testcase classname="tests.test_finance_system.TestFinancialReports" name="test_get_trial_balance" time="0.457" /><testcase classname="tests.test_finance_system.TestFinancialReports" name="test_get_income_statement" time="0.072" /><testcase classname="tests.test_finance_system.TestFinancialReports" name="test_get_balance_sheet" time="0.073" /><testcase classname="tests.test_finance_system.TestFinanceDashboard" name="test_get_finance_dashboard" time="0.468" /><testcase classname="tests.test_finance_system.TestAccountsPayableReceivable" name="test_get_accounts_payable" time="0.459" /><testcase classname="tests.test_finance_system.TestAccountsPayableReceivable" name="test_get_accounts_payable_summary" time="0.068" /><testcase classname="tests.test_finance_system.TestAccountsPayableReceivable" name="test_get_accounts_receivable" time="0.067" /><testcase classname="tests.test_finance_system.TestAccountsPayableReceivable" name="test_get_accounts_receivable_summary" time="0.065" /></testsuite></testsuites>