<?xml version="1.0" encoding="utf-8"?><testsuites name="pytest tests"><testsuite name="pytest" errors="0" failures="0" skipped="0" tests="8" time="10.333" timestamp="2026-03-05T06:14:27.739315+00:00" hostname="agent-env-3810334d-2415-41ac-9542-53263a5f3d74"><testcase classname="backend.tests.test_geofence_notifications.TestGeofenceNotificationAPIs" name="test_alerts_count_endpoint_returns_json" time="9.055" /><testcase classname="backend.tests.test_geofence_notifications.TestGeofenceNotificationAPIs" name="test_alerts_recent_endpoint_returns_list" time="0.169" /><testcase classname="backend.tests.test_geofence_notifications.TestGeofenceNotificationAPIs" name="test_alerts_recent_with_since_filter" time="0.151" /><testcase classname="backend.tests.test_geofence_notifications.TestGeofenceNotificationAPIs" name="test_alerts_recent_with_past_since_filter" time="0.155" /><testcase classname="backend.tests.test_geofence_notifications.TestGeofenceNotificationAPIs" name="test_alert_structure_if_exists" time="0.138" /><testcase classname="backend.tests.test_geofence_notifications.TestGeofenceNotificationAPIs" name="test_alerts_sorted_by_created_at_desc" time="0.138" /><testcase classname="backend.tests.test_geofence_notifications.TestAlertReadDismissAPIs" name="test_mark_alert_read_endpoint_exists" time="0.145" /><testcase classname="backend.tests.test_geofence_notifications.TestAlertReadDismissAPIs" name="test_dismiss_alert_endpoint_exists" time="0.144" /></testsuite></testsuites>