<?xml version="1.0" encoding="utf-8"?><testsuites name="pytest tests"><testsuite name="pytest" errors="0" failures="0" skipped="0" tests="14" time="10.696" timestamp="2026-03-04T04:32:06.192061+00:00" hostname="agent-env-12ccce2f-8bdf-4d8a-a10e-d9144d29567d"><testcase classname="backend.tests.test_gps_attendance_export.TestAuth" name="test_login_success" time="5.086" /><testcase classname="backend.tests.test_gps_attendance_export.TestAttendanceExport" name="test_export_excel_with_date_range" time="1.266" /><testcase classname="backend.tests.test_gps_attendance_export.TestAttendanceExport" name="test_export_pdf_with_date_range" time="1.901" /><testcase classname="backend.tests.test_gps_attendance_export.TestAttendanceExport" name="test_export_excel_requires_auth" time="0.143" /><testcase classname="backend.tests.test_gps_attendance_export.TestAttendanceExport" name="test_export_pdf_requires_auth" time="0.145" /><testcase classname="backend.tests.test_gps_attendance_export.TestAttendanceExport" name="test_export_with_employee_filter" time="0.154" /><testcase classname="backend.tests.test_gps_attendance_export.TestGpsAttendanceWorkflow" name="test_gps_check_in_requires_approval" time="0.215" /><testcase classname="backend.tests.test_gps_attendance_export.TestGpsAttendanceWorkflow" name="test_get_pending_gps_approvals" time="0.304" /><testcase classname="backend.tests.test_gps_attendance_export.TestGpsAttendanceWorkflow" name="test_approve_gps_attendance" time="0.284" /><testcase classname="backend.tests.test_gps_attendance_export.TestGpsAttendanceWorkflow" name="test_reject_gps_attendance" time="0.409" /><testcase classname="backend.tests.test_gps_attendance_export.TestGpsAttendanceWorkflow" name="test_gps_check_in_missing_data" time="0.122" /><testcase classname="backend.tests.test_gps_attendance_export.TestGpsAttendanceWorkflow" name="test_gps_check_in_invalid_employee" time="0.128" /><testcase classname="backend.tests.test_gps_attendance_export.TestGpsAttendanceWorkflow" name="test_approve_missing_data" time="0.199" /><testcase classname="backend.tests.test_gps_attendance_export.TestGpsAttendanceWorkflow" name="test_approve_invalid_attendance_id" time="0.130" /></testsuite></testsuites>