<?xml version="1.0" encoding="utf-8"?><testsuites name="pytest tests"><testsuite name="pytest" errors="0" failures="0" skipped="0" tests="19" time="5.383" timestamp="2026-03-04T05:59:52.600453+00:00" hostname="agent-env-12ccce2f-8bdf-4d8a-a10e-d9144d29567d"><testcase classname="backend.tests.test_gps_selfie_mock_wifi.TestEmployeeLogin" name="test_login_with_employee_code" time="2.341" /><testcase classname="backend.tests.test_gps_selfie_mock_wifi.TestEmployeeLogin" name="test_login_with_phone" time="0.233" /><testcase classname="backend.tests.test_gps_selfie_mock_wifi.TestEmployeeLogin" name="test_login_returns_today_attendance" time="0.134" /><testcase classname="backend.tests.test_gps_selfie_mock_wifi.TestEmployeeLogin" name="test_login_invalid_credentials" time="0.134" /><testcase classname="backend.tests.test_gps_selfie_mock_wifi.TestGPSAttendanceWithSelfie" name="test_gps_checkin_with_selfie" time="0.134" /><testcase classname="backend.tests.test_gps_selfie_mock_wifi.TestGPSAttendanceWithSelfie" name="test_gps_checkin_stores_selfie_url" time="0.159" /><testcase classname="backend.tests.test_gps_selfie_mock_wifi.TestGPSAttendanceWithSelfie" name="test_gps_checkout_with_selfie" time="0.301" /><testcase classname="backend.tests.test_gps_selfie_mock_wifi.TestMockGPSDetection" name="test_mock_gps_rejected_with_403" time="0.131" /><testcase classname="backend.tests.test_gps_selfie_mock_wifi.TestMockGPSDetection" name="test_mock_gps_logs_security_event" time="0.235" /><testcase classname="backend.tests.test_gps_selfie_mock_wifi.TestWiFiAttendance" name="test_wifi_settings_get" time="0.120" /><testcase classname="backend.tests.test_gps_selfie_mock_wifi.TestWiFiAttendance" name="test_wifi_settings_post" time="0.117" /><testcase classname="backend.tests.test_gps_selfie_mock_wifi.TestWiFiAttendance" name="test_wifi_checkin" time="0.163" /><testcase classname="backend.tests.test_gps_selfie_mock_wifi.TestSecurityLogs" name="test_get_security_logs" time="0.130" /><testcase classname="backend.tests.test_gps_selfie_mock_wifi.TestGPSWithExistingFingerprint" name="test_gps_adds_to_fingerprint_record" time="0.128" /><testcase classname="backend.tests.test_gps_selfie_mock_wifi.TestGPSWithExistingFingerprint" name="test_gps_does_not_overwrite_fingerprint" time="0.121" /><testcase classname="backend.tests.test_gps_selfie_mock_wifi.TestGPSApprovalsPending" name="test_get_pending_approvals" time="0.170" /><testcase classname="backend.tests.test_gps_selfie_mock_wifi.TestGPSApprovalsPending" name="test_pending_includes_selfie_url" time="0.155" /><testcase classname="backend.tests.test_gps_selfie_mock_wifi.TestGPSApprovalsPending" name="test_pending_includes_wifi_indicator" time="0.120" /><testcase classname="backend.tests.test_gps_selfie_mock_wifi.TestVerificationPhotoEndpoint" name="test_invalid_photo_returns_404" time="0.138" /></testsuite></testsuites>