<?xml version="1.0" encoding="utf-8"?><testsuites name="pytest tests"><testsuite name="pytest" errors="0" failures="1" skipped="0" tests="10" time="9.450" timestamp="2026-01-13T08:40:18.629781+00:00" hostname="agent-env-81bdf402-b6f3-431c-b850-855f13841e68"><testcase classname="tests.test_hr_bugs.TestLeaveRateEndpoint" name="test_update_leave_rate_success" time="0.611" /><testcase classname="tests.test_hr_bugs.TestLeaveRateEndpoint" name="test_update_leave_rate_auto_rate" time="0.604" /><testcase classname="tests.test_hr_bugs.TestLeaveRateEndpoint" name="test_update_leave_rate_invalid_employee" time="0.628" /><testcase classname="tests.test_hr_bugs.TestLeaveRateEndpoint" name="test_update_leave_rate_unauthorized" time="0.669"><failure message="AssertionError: Expected 401, got 403: {&quot;detail&quot;:&quot;Not authenticated&quot;}&#10;assert 403 == 401&#10; +  where 403 = &lt;Response [403]&gt;.status_code">tests/test_hr_bugs.py:86: in test_update_leave_rate_unauthorized
    assert response.status_code == 401, f"Expected 401, got {response.status_code}: {response.text}"
E   AssertionError: Expected 401, got 403: {"detail":"Not authenticated"}
E   assert 403 == 401
E    +  where 403 = &lt;Response [403]&gt;.status_code</failure></testcase><testcase classname="tests.test_hr_bugs.TestAttendanceRefresh" name="test_get_attendance_records" time="1.918" /><testcase classname="tests.test_hr_bugs.TestAttendanceRefresh" name="test_get_attendance_with_date_filter" time="0.821" /><testcase classname="tests.test_hr_bugs.TestAttendanceRefresh" name="test_get_attendance_report" time="1.200" /><testcase classname="tests.test_hr_bugs.TestSuppliersOptionalFields" name="test_get_suppliers" time="0.787" /><testcase classname="tests.test_hr_bugs.TestSuppliersOptionalFields" name="test_create_supplier_without_phone_address" time="1.247" /><testcase classname="tests.test_hr_bugs.TestSuppliersOptionalFields" name="test_create_supplier_with_phone_address" time="0.646" /></testsuite></testsuites>