<?xml version="1.0" encoding="utf-8"?><testsuites name="pytest tests"><testsuite name="pytest" errors="0" failures="0" skipped="1" tests="14" time="19.387" timestamp="2026-01-15T23:05:30.235024+00:00" hostname="agent-env-e1a93f6c-0716-4ead-b15a-6f4dfe8acb54"><testcase classname="tests.test_milk_reception_edit_delete.TestMilkReceptionEditDelete" name="test_01_login_success" time="0.942" /><testcase classname="tests.test_milk_reception_edit_delete.TestMilkReceptionEditDelete" name="test_02_create_milk_reception_for_testing" time="0.914" /><testcase classname="tests.test_milk_reception_edit_delete.TestMilkReceptionEditDelete" name="test_03_get_milk_reception_by_id" time="1.082" /><testcase classname="tests.test_milk_reception_edit_delete.TestMilkReceptionEditDelete" name="test_04_update_milk_reception_success" time="1.145" /><testcase classname="tests.test_milk_reception_edit_delete.TestMilkReceptionEditDelete" name="test_05_verify_update_persisted" time="0.811" /><testcase classname="tests.test_milk_reception_edit_delete.TestMilkReceptionEditDelete" name="test_06_update_nonexistent_reception" time="1.037" /><testcase classname="tests.test_milk_reception_edit_delete.TestMilkReceptionEditDelete" name="test_07_delete_milk_reception_success" time="1.209" /><testcase classname="tests.test_milk_reception_edit_delete.TestMilkReceptionEditDelete" name="test_08_delete_nonexistent_reception" time="1.049" /><testcase classname="tests.test_milk_reception_edit_delete.TestMilkReceptionEditDelete" name="test_09_get_milk_receptions_list" time="1.830" /><testcase classname="tests.test_milk_reception_edit_delete.TestMilkReceptionEditDelete" name="test_10_cleanup_test_reception" time="1.357" /><testcase classname="tests.test_milk_reception_edit_delete.TestMilkReceptionPermissions" name="test_01_admin_has_edit_permission" time="3.381" /><testcase classname="tests.test_milk_reception_edit_delete.TestMilkReceptionPermissions" name="test_02_admin_has_delete_permission" time="1.410" /><testcase classname="tests.test_milk_reception_edit_delete.TestMilkReceptionPermissions" name="test_03_check_available_permissions_list" time="0.885" /><testcase classname="tests.test_milk_reception_edit_delete.TestMilkReceptionPaidProtection" name="test_01_check_paid_reception_protection" time="1.975"><skipped type="pytest.skip" message="No paid receptions to test">/app/tests/test_milk_reception_edit_delete.py:369: No paid receptions to test</skipped></testcase></testsuite></testsuites>