<?xml version="1.0" encoding="utf-8"?><testsuites name="pytest tests"><testsuite name="pytest" errors="0" failures="0" skipped="0" tests="11" time="8.546" timestamp="2026-03-04T08:29:13.170311+00:00" hostname="agent-env-2e301585-5747-43db-bd68-65cd39e3244b"><testcase classname="backend.tests.test_network_detection.TestNetworkDetection" name="test_detect_network_returns_client_ip" time="6.672" /><testcase classname="backend.tests.test_network_detection.TestNetworkDetection" name="test_detect_network_with_company_ip" time="0.156" /><testcase classname="backend.tests.test_network_detection.TestNetworkDetection" name="test_detect_network_with_non_company_ip" time="0.157" /><testcase classname="backend.tests.test_network_detection.TestNetworkDetection" name="test_detect_network_with_another_random_ip" time="0.123" /><testcase classname="backend.tests.test_network_detection.TestEmployeeLogin" name="test_login_with_employee_code_EMP201802" time="0.133" /><testcase classname="backend.tests.test_network_detection.TestEmployeeLogin" name="test_login_with_invalid_employee_code" time="0.129" /><testcase classname="backend.tests.test_network_detection.TestEmployeeLogin" name="test_login_without_credentials" time="0.115" /><testcase classname="backend.tests.test_network_detection.TestGPSAttendance" name="test_checkin_with_valid_data" time="0.286" /><testcase classname="backend.tests.test_network_detection.TestGPSAttendance" name="test_checkin_without_employee_id" time="0.113" /><testcase classname="backend.tests.test_network_detection.TestGPSAttendance" name="test_checkin_mock_gps_rejected" time="0.274" /><testcase classname="backend.tests.test_network_detection.TestTrackingSettings" name="test_get_settings_includes_company_ip" time="0.117" /></testsuite></testsuites>