<?xml version="1.0" encoding="utf-8"?><testsuites name="pytest tests"><testsuite name="pytest" errors="0" failures="0" skipped="0" tests="8" time="7.860" timestamp="2026-01-26T10:16:05.363177+00:00" hostname="agent-env-45bdcc02-1ad5-4fb7-92d3-7212bfe12e56"><testcase classname="backend.tests.test_permissions_theme.TestEmployeePermissions" name="test_emp201802_has_dashboard_view_permission" time="3.322" /><testcase classname="backend.tests.test_permissions_theme.TestEmployeePermissions" name="test_emp202554_has_17_permissions" time="0.414" /><testcase classname="backend.tests.test_permissions_theme.TestThemeSettings" name="test_get_user_settings" time="0.487" /><testcase classname="backend.tests.test_permissions_theme.TestThemeSettings" name="test_update_theme_settings" time="0.555" /><testcase classname="backend.tests.test_permissions_theme.TestThemeSettings" name="test_theme_settings_are_per_user" time="1.155" /><testcase classname="backend.tests.test_permissions_theme.TestPermissionsAPI" name="test_get_available_permissions" time="0.658" /><testcase classname="backend.tests.test_permissions_theme.TestPermissionsAPI" name="test_get_departments" time="0.479" /><testcase classname="backend.tests.test_permissions_theme.TestPermissionsAPI" name="test_get_user_permissions" time="0.551" /></testsuite></testsuites>