<?xml version="1.0" encoding="utf-8"?><testsuites name="pytest tests"><testsuite name="pytest" errors="0" failures="0" skipped="0" tests="14" time="12.624" timestamp="2026-01-26T09:15:16.824922+00:00" hostname="agent-env-449dc862-e40e-4ee1-aec7-0eae59fd34e1"><testcase classname="backend.tests.test_permissions.TestPermissionsLogin" name="test_admin_login_success" time="0.626" /><testcase classname="backend.tests.test_permissions.TestPermissionsLogin" name="test_employee_with_permissions_login" time="0.423" /><testcase classname="backend.tests.test_permissions.TestPermissionsLogin" name="test_employee_without_permissions_login" time="0.423" /><testcase classname="backend.tests.test_permissions.TestPermissionsAPI" name="test_get_user_permissions_api" time="0.497" /><testcase classname="backend.tests.test_permissions.TestPermissionsAPI" name="test_get_user_permissions_for_employee_without_perms" time="0.507" /><testcase classname="backend.tests.test_permissions.TestPermissionsAPI" name="test_get_available_permissions" time="0.486" /><testcase classname="backend.tests.test_permissions.TestPermissionsAPI" name="test_get_departments" time="0.498" /><testcase classname="backend.tests.test_permissions.TestGrantRevokePermissions" name="test_grant_permission_api" time="0.676" /><testcase classname="backend.tests.test_permissions.TestGrantRevokePermissions" name="test_grant_permission_appears_in_next_login" time="1.110" /><testcase classname="backend.tests.test_permissions.TestGrantRevokePermissions" name="test_revoke_permission_api" time="0.680" /><testcase classname="backend.tests.test_permissions.TestGrantRevokePermissions" name="test_revoke_permission_hides_from_sidebar" time="1.973" /><testcase classname="backend.tests.test_permissions.TestSidebarFiltering" name="test_employee_without_permissions_sidebar" time="1.069" /><testcase classname="backend.tests.test_permissions.TestSidebarFiltering" name="test_admin_sees_all_sidebar_items" time="1.020" /><testcase classname="backend.tests.test_permissions.TestCleanup" name="test_cleanup_test_permissions" time="2.226" /></testsuite></testsuites>