<?xml version="1.0" encoding="utf-8"?><testsuites name="pytest tests"><testsuite name="pytest" errors="0" failures="1" skipped="0" tests="13" time="4.499" timestamp="2026-01-11T10:28:36.945766+00:00" hostname="agent-env-aeaf0e72-d0d3-4340-bde3-b266852bb502"><testcase classname="tests.test_procurement_payroll.TestAuth" name="test_login_success" time="0.510" /><testcase classname="tests.test_procurement_payroll.TestHolidaysConfig" name="test_get_holidays_config" time="0.551" /><testcase classname="tests.test_procurement_payroll.TestProcurement" name="test_get_procurement_summary" time="0.563" /><testcase classname="tests.test_procurement_payroll.TestProcurement" name="test_get_vendors" time="0.098" /><testcase classname="tests.test_procurement_payroll.TestProcurement" name="test_get_requisitions" time="0.106" /><testcase classname="tests.test_procurement_payroll.TestProcurement" name="test_get_purchase_orders" time="0.091" /><testcase classname="tests.test_procurement_payroll.TestProcurement" name="test_get_inventory" time="0.088" /><testcase classname="tests.test_procurement_payroll.TestProcurement" name="test_get_inventory_alerts" time="0.078" /><testcase classname="tests.test_procurement_payroll.TestPayroll" name="test_get_payroll_periods" time="0.544" /><testcase classname="tests.test_procurement_payroll.TestPayroll" name="test_get_payroll_period_details" time="0.201" /><testcase classname="tests.test_procurement_payroll.TestPurchaseOrderPayment" name="test_create_vendor_and_po_flow" time="0.569"><failure message="assert 520 == 200&#10; +  where 520 = &lt;Response [520]&gt;.status_code">tests/test_procurement_payroll.py:231: in test_create_vendor_and_po_flow
    assert response.status_code == 200
E   assert 520 == 200
E    +  where 520 = &lt;Response [520]&gt;.status_code</failure></testcase><testcase classname="tests.test_procurement_payroll.TestPayrollDisbursement" name="test_disburse_endpoint_exists" time="0.543" /><testcase classname="tests.test_procurement_payroll.TestPayrollDisbursement" name="test_disburse_requires_approved_status" time="0.187" /></testsuite></testsuites>