<?xml version="1.0" encoding="utf-8"?><testsuites name="pytest tests"><testsuite name="pytest" errors="0" failures="0" skipped="0" tests="11" time="7.666" timestamp="2026-03-04T08:53:40.257429+00:00" hostname="agent-env-2e301585-5747-43db-bd68-65cd39e3244b"><testcase classname="backend.tests.test_range_exit_logs.TestRangeExitLogs" name="test_get_range_exit_logs_returns_array" time="3.170" /><testcase classname="backend.tests.test_range_exit_logs.TestRangeExitLogs" name="test_get_range_exit_logs_for_employee_returns_array" time="0.342" /><testcase classname="backend.tests.test_range_exit_logs.TestRangeExitLogs" name="test_range_exit_logs_have_duration_formatted_field" time="0.321" /><testcase classname="backend.tests.test_range_exit_logs.TestRangeExitLogs" name="test_location_endpoint_returns_range_event_field" time="0.350" /><testcase classname="backend.tests.test_range_exit_logs.TestRangeExitLogs" name="test_location_endpoint_returns_required_fields" time="0.260" /><testcase classname="backend.tests.test_range_exit_logs.TestRangeExitLogs" name="test_exit_range_creates_log" time="0.787" /><testcase classname="backend.tests.test_range_exit_logs.TestRangeExitLogs" name="test_return_to_range_updates_log" time="1.166" /><testcase classname="backend.tests.test_range_exit_logs.TestNetworkDetection" name="test_detect_network_endpoint_works" time="0.131" /><testcase classname="backend.tests.test_range_exit_logs.TestNetworkDetection" name="test_company_ip_configured" time="0.114" /><testcase classname="backend.tests.test_range_exit_logs.TestEmployeeLogin" name="test_employee_login_with_code" time="0.121" /><testcase classname="backend.tests.test_range_exit_logs.TestExitAlertCreation" name="test_alerts_endpoint_exists" time="0.280" /></testsuite></testsuites>