<?xml version="1.0" encoding="utf-8"?><testsuites name="pytest tests"><testsuite name="pytest" errors="0" failures="1" skipped="0" tests="26" time="25.403" timestamp="2026-01-06T11:30:40.862446+00:00" hostname="agent-env-0e392cb4-b9a5-4b70-9d14-b5d4c82f2dbc"><testcase classname="tests.test_refactored_apis.TestAPIRoot" name="test_api_root" time="0.317" /><testcase classname="tests.test_refactored_apis.TestAuthentication" name="test_login_admin" time="0.778" /><testcase classname="tests.test_refactored_apis.TestAuthentication" name="test_login_hr" time="0.909" /><testcase classname="tests.test_refactored_apis.TestAuthentication" name="test_login_invalid_credentials" time="0.102" /><testcase classname="tests.test_refactored_apis.TestHREmployees" name="test_get_employees" time="1.029" /><testcase classname="tests.test_refactored_apis.TestSuppliers" name="test_get_suppliers" time="1.160" /><testcase classname="tests.test_refactored_apis.TestFinanceAccounts" name="test_get_accounts" time="0.995" /><testcase classname="tests.test_refactored_apis.TestSMSSettings" name="test_get_sms_settings" time="1.017" /><testcase classname="tests.test_refactored_apis.TestDashboardStats" name="test_get_dashboard_stats" time="0.788"><failure message="assert 404 == 200&#10; +  where 404 = &lt;Response [404]&gt;.status_code">tests/test_refactored_apis.py:188: in test_get_dashboard_stats
    assert response.status_code == 200
E   assert 404 == 200
E    +  where 404 = &lt;Response [404]&gt;.status_code</failure></testcase><testcase classname="tests.test_refactored_apis.TestAdditionalEndpoints" name="test_get_centers" time="0.777" /><testcase classname="tests.test_refactored_apis.TestAdditionalEndpoints" name="test_get_customers" time="0.914" /><testcase classname="tests.test_refactored_apis.TestAdditionalEndpoints" name="test_get_inventory" time="1.090" /><testcase classname="tests.test_refactored_apis.TestAdditionalEndpoints" name="test_get_milk_receptions" time="1.023" /><testcase classname="tests.test_refactored_apis.TestAdditionalEndpoints" name="test_get_sales" time="1.043" /><testcase classname="tests.test_refactored_apis.TestAdditionalEndpoints" name="test_get_payments" time="0.859" /><testcase classname="tests.test_refactored_apis.TestAdditionalEndpoints" name="test_get_leave_requests" time="0.793" /><testcase classname="tests.test_refactored_apis.TestAdditionalEndpoints" name="test_get_attendance" time="1.515" /><testcase classname="tests.test_refactored_apis.TestAdditionalEndpoints" name="test_get_loans" time="1.291" /><testcase classname="tests.test_refactored_apis.TestAdditionalEndpoints" name="test_get_overtime" time="0.896" /><testcase classname="tests.test_refactored_apis.TestFinanceEndpoints" name="test_get_journal_entries" time="0.891" /><testcase classname="tests.test_refactored_apis.TestFinanceEndpoints" name="test_get_accounts_payable" time="0.895" /><testcase classname="tests.test_refactored_apis.TestFinanceEndpoints" name="test_get_accounts_receivable" time="1.462" /><testcase classname="tests.test_refactored_apis.TestFinanceEndpoints" name="test_get_fixed_assets" time="1.093" /><testcase classname="tests.test_refactored_apis.TestFinanceEndpoints" name="test_get_budgets" time="0.963" /><testcase classname="tests.test_refactored_apis.TestReportsEndpoints" name="test_get_report_schedules" time="0.897" /><testcase classname="tests.test_refactored_apis.TestReportsEndpoints" name="test_get_inventory_alerts" time="0.693" /></testsuite></testsuites>