<?xml version="1.0" encoding="utf-8"?><testsuites name="pytest tests"><testsuite name="pytest" errors="0" failures="0" skipped="0" tests="26" time="18.165" timestamp="2026-01-06T11:31:44.922892+00:00" hostname="agent-env-0e392cb4-b9a5-4b70-9d14-b5d4c82f2dbc"><testcase classname="tests.test_refactored_apis.TestAPIRoot" name="test_api_root" time="0.143" /><testcase classname="tests.test_refactored_apis.TestAuthentication" name="test_login_admin" time="0.432" /><testcase classname="tests.test_refactored_apis.TestAuthentication" name="test_login_hr" time="0.474" /><testcase classname="tests.test_refactored_apis.TestAuthentication" name="test_login_invalid_credentials" time="0.091" /><testcase classname="tests.test_refactored_apis.TestHREmployees" name="test_get_employees" time="0.765" /><testcase classname="tests.test_refactored_apis.TestSuppliers" name="test_get_suppliers" time="0.950" /><testcase classname="tests.test_refactored_apis.TestFinanceAccounts" name="test_get_accounts" time="0.702" /><testcase classname="tests.test_refactored_apis.TestSMSSettings" name="test_get_sms_settings" time="0.926" /><testcase classname="tests.test_refactored_apis.TestDashboardStats" name="test_get_dashboard_stats" time="1.026" /><testcase classname="tests.test_refactored_apis.TestAdditionalEndpoints" name="test_get_centers" time="1.062" /><testcase classname="tests.test_refactored_apis.TestAdditionalEndpoints" name="test_get_customers" time="0.910" /><testcase classname="tests.test_refactored_apis.TestAdditionalEndpoints" name="test_get_inventory" time="0.623" /><testcase classname="tests.test_refactored_apis.TestAdditionalEndpoints" name="test_get_milk_receptions" time="0.613" /><testcase classname="tests.test_refactored_apis.TestAdditionalEndpoints" name="test_get_sales" time="0.472" /><testcase classname="tests.test_refactored_apis.TestAdditionalEndpoints" name="test_get_payments" time="0.622" /><testcase classname="tests.test_refactored_apis.TestAdditionalEndpoints" name="test_get_leave_requests" time="0.903" /><testcase classname="tests.test_refactored_apis.TestAdditionalEndpoints" name="test_get_attendance" time="1.251" /><testcase classname="tests.test_refactored_apis.TestAdditionalEndpoints" name="test_get_loans" time="0.500" /><testcase classname="tests.test_refactored_apis.TestAdditionalEndpoints" name="test_get_overtime" time="0.790" /><testcase classname="tests.test_refactored_apis.TestFinanceEndpoints" name="test_get_journal_entries" time="0.500" /><testcase classname="tests.test_refactored_apis.TestFinanceEndpoints" name="test_get_accounts_payable" time="0.504" /><testcase classname="tests.test_refactored_apis.TestFinanceEndpoints" name="test_get_accounts_receivable" time="0.651" /><testcase classname="tests.test_refactored_apis.TestFinanceEndpoints" name="test_get_fixed_assets" time="0.513" /><testcase classname="tests.test_refactored_apis.TestFinanceEndpoints" name="test_get_budgets" time="0.798" /><testcase classname="tests.test_refactored_apis.TestReportsEndpoints" name="test_get_report_schedules" time="0.744" /><testcase classname="tests.test_refactored_apis.TestReportsEndpoints" name="test_get_inventory_alerts" time="0.750" /></testsuite></testsuites>