<?xml version="1.0" encoding="utf-8"?><testsuites name="pytest tests"><testsuite name="pytest" errors="0" failures="0" skipped="1" tests="16" time="10.232" timestamp="2026-01-06T09:39:27.702845+00:00" hostname="agent-env-13dcc5ee-e45c-404c-876a-6ef87ecaa4e8"><testcase classname="tests.test_salary_structures_holidays.TestSalaryStructuresAndHolidays" name="test_get_all_salary_structures" time="0.572" /><testcase classname="tests.test_salary_structures_holidays.TestSalaryStructuresAndHolidays" name="test_get_employees_for_salary_structures" time="0.916" /><testcase classname="tests.test_salary_structures_holidays.TestSalaryStructuresAndHolidays" name="test_get_employee_salary_structure" time="0.563" /><testcase classname="tests.test_salary_structures_holidays.TestSalaryStructuresAndHolidays" name="test_create_salary_structure_with_allowances" time="0.741" /><testcase classname="tests.test_salary_structures_holidays.TestSalaryStructuresAndHolidays" name="test_create_salary_structure_missing_employee" time="0.665" /><testcase classname="tests.test_salary_structures_holidays.TestSalaryStructuresAndHolidays" name="test_create_salary_structure_invalid_employee" time="0.470" /><testcase classname="tests.test_salary_structures_holidays.TestSalaryStructuresAndHolidays" name="test_get_public_holidays" time="0.590" /><testcase classname="tests.test_salary_structures_holidays.TestSalaryStructuresAndHolidays" name="test_get_public_holidays_by_year" time="0.510" /><testcase classname="tests.test_salary_structures_holidays.TestSalaryStructuresAndHolidays" name="test_create_public_holiday" time="0.676" /><testcase classname="tests.test_salary_structures_holidays.TestSalaryStructuresAndHolidays" name="test_create_public_holiday_multi_day" time="0.577" /><testcase classname="tests.test_salary_structures_holidays.TestSalaryStructuresAndHolidays" name="test_delete_public_holiday" time="0.794" /><testcase classname="tests.test_salary_structures_holidays.TestAutoJournalEntries" name="test_chart_of_accounts_has_required_accounts" time="0.407" /><testcase classname="tests.test_salary_structures_holidays.TestAutoJournalEntries" name="test_journal_entries_exist" time="0.692" /><testcase classname="tests.test_salary_structures_holidays.TestAutoJournalEntries" name="test_milk_reception_creates_journal_entry" time="0.759" /><testcase classname="tests.test_salary_structures_holidays.TestAutoJournalEntries" name="test_sale_creates_journal_entry" time="0.604"><skipped type="pytest.skip" message="No customers available for test">/app/tests/test_salary_structures_holidays.py:386: No customers available for test</skipped></testcase><testcase classname="tests.test_salary_structures_holidays.TestCleanup" name="test_cleanup_test_holidays" time="0.530" /></testsuite></testsuites>