<?xml version="1.0" encoding="utf-8"?><testsuites name="pytest tests"><testsuite name="pytest" errors="0" failures="0" skipped="0" tests="19" time="67.797" timestamp="2026-01-06T10:36:07.609091+00:00" hostname="agent-env-13dcc5ee-e45c-404c-876a-6ef87ecaa4e8"><testcase classname="tests.test_sms_and_reports_schedules.TestSMSSettings" name="test_get_sms_settings" time="1.243" /><testcase classname="tests.test_sms_and_reports_schedules.TestSMSSettings" name="test_update_sms_settings" time="0.081" /><testcase classname="tests.test_sms_and_reports_schedules.TestSMSSettings" name="test_verify_sms_settings_updated" time="0.296" /><testcase classname="tests.test_sms_and_reports_schedules.TestSMSSend" name="test_send_sms_missing_phone" time="0.975" /><testcase classname="tests.test_sms_and_reports_schedules.TestSMSSend" name="test_send_sms_missing_message" time="0.174" /><testcase classname="tests.test_sms_and_reports_schedules.TestSMSSend" name="test_send_sms_valid_request" time="0.346" /><testcase classname="tests.test_sms_and_reports_schedules.TestSMSLogs" name="test_get_sms_logs" time="0.894" /><testcase classname="tests.test_sms_and_reports_schedules.TestReportSchedules" name="test_get_report_schedules" time="0.768" /><testcase classname="tests.test_sms_and_reports_schedules.TestReportSchedules" name="test_create_report_schedule" time="0.072" /><testcase classname="tests.test_sms_and_reports_schedules.TestReportSchedules" name="test_verify_schedule_created" time="0.188" /><testcase classname="tests.test_sms_and_reports_schedules.TestReportSchedules" name="test_update_report_schedule" time="0.202" /><testcase classname="tests.test_sms_and_reports_schedules.TestReportSchedules" name="test_run_report_schedule" time="60.242" /><testcase classname="tests.test_sms_and_reports_schedules.TestReportSchedules" name="test_run_nonexistent_schedule" time="0.128" /><testcase classname="tests.test_sms_and_reports_schedules.TestReportSchedules" name="test_delete_report_schedule" time="0.136" /><testcase classname="tests.test_sms_and_reports_schedules.TestReportSchedules" name="test_verify_schedule_deleted" time="0.068" /><testcase classname="tests.test_sms_and_reports_schedules.TestReportLogs" name="test_get_report_logs" time="0.538" /><testcase classname="tests.test_sms_and_reports_schedules.TestScheduleReportTypes" name="test_create_weekly_schedule" time="0.671" /><testcase classname="tests.test_sms_and_reports_schedules.TestScheduleReportTypes" name="test_create_monthly_schedule" time="0.122" /><testcase classname="tests.test_sms_and_reports_schedules.TestScheduleReportTypes" name="test_create_inventory_alerts_schedule" time="0.190" /></testsuite></testsuites>