<?xml version="1.0" encoding="utf-8"?><testsuites name="pytest tests"><testsuite name="pytest" errors="0" failures="0" skipped="0" tests="19" time="12.311" timestamp="2026-04-12T08:03:56.300140+00:00" hostname="agent-env-3810334d-2415-41ac-9542-53263a5f3d74"><testcase classname="backend.tests.test_supplier_elections.TestElectionList" name="test_list_elections_returns_200" time="9.753" /><testcase classname="backend.tests.test_supplier_elections.TestElectionList" name="test_list_elections_has_required_fields" time="0.064" /><testcase classname="backend.tests.test_supplier_elections.TestSupplierLookup" name="test_lookup_existing_supplier" time="0.056" /><testcase classname="backend.tests.test_supplier_elections.TestSupplierLookup" name="test_lookup_nonexistent_supplier" time="0.064" /><testcase classname="backend.tests.test_supplier_elections.TestSupplierLookup" name="test_lookup_returns_supplier_fields" time="0.052" /><testcase classname="backend.tests.test_supplier_elections.TestElectionCreate" name="test_create_election_success" time="0.114" /><testcase classname="backend.tests.test_supplier_elections.TestElectionCreate" name="test_create_election_sets_status" time="0.105" /><testcase classname="backend.tests.test_supplier_elections.TestCandidateRegistration" name="test_register_candidate_success" time="0.167" /><testcase classname="backend.tests.test_supplier_elections.TestCandidateRegistration" name="test_register_duplicate_candidate_fails" time="0.218" /><testcase classname="backend.tests.test_supplier_elections.TestCandidateRegistration" name="test_register_outside_nomination_period_fails" time="0.156" /><testcase classname="backend.tests.test_supplier_elections.TestVoting" name="test_vote_outside_voting_period_fails" time="0.261" /><testcase classname="backend.tests.test_supplier_elections.TestCheckVote" name="test_check_vote_not_voted" time="0.116" /><testcase classname="backend.tests.test_supplier_elections.TestElectionResults" name="test_get_results_success" time="0.113" /><testcase classname="backend.tests.test_supplier_elections.TestElectionResults" name="test_results_candidates_have_vote_counts" time="0.111" /><testcase classname="backend.tests.test_supplier_elections.TestGetCandidates" name="test_get_candidates_success" time="0.109" /><testcase classname="backend.tests.test_supplier_elections.TestElectionDelete" name="test_delete_election_success" time="0.160" /><testcase classname="backend.tests.test_supplier_elections.TestSelfVotingPrevention" name="test_self_vote_rejected" time="0.162" /><testcase classname="backend.tests.test_supplier_elections.TestExistingElectionData" name="test_existing_election_has_candidates" time="0.055" /><testcase classname="backend.tests.test_supplier_elections.TestExistingElectionData" name="test_existing_candidates_data" time="0.107" /></testsuite></testsuites>