<?xml version="1.0" encoding="utf-8"?><testsuites name="pytest tests"><testsuite name="pytest" errors="0" failures="3" skipped="0" tests="12" time="22.086" timestamp="2026-02-12T08:26:17.928550+00:00" hostname="agent-env-3773a2bc-84a9-4b7b-abd6-06c86f98ea93"><testcase classname="tests.test_tracking_supplier_features.TestTrackingAPI" name="test_get_tracking_settings" time="19.420" /><testcase classname="tests.test_tracking_supplier_features.TestTrackingAPI" name="test_get_all_employees" time="0.127" /><testcase classname="tests.test_tracking_supplier_features.TestTrackingAPI" name="test_get_online_employees" time="0.101" /><testcase classname="tests.test_tracking_supplier_features.TestTrackingAPI" name="test_post_location_with_valid_employee" time="0.360" /><testcase classname="tests.test_tracking_supplier_features.TestTrackingAPI" name="test_post_location_with_invalid_employee" time="0.138" /><testcase classname="tests.test_tracking_supplier_features.TestTrackingAPI" name="test_get_tracking_alerts" time="0.155" /><testcase classname="tests.test_tracking_supplier_features.TestTrackingAPI" name="test_get_alerts_count" time="0.120" /><testcase classname="tests.test_tracking_supplier_features.TestSupplierRegistration" name="test_check_registration_status" time="0.154" /><testcase classname="tests.test_tracking_supplier_features.TestSupplierRegistration" name="test_submit_new_registration" time="0.102"><failure message="assert 400 == 200&#10; +  where 400 = &lt;Response [400]&gt;.status_code">tests/test_tracking_supplier_features.py:148: in test_submit_new_registration
    assert response.status_code == 200
E   assert 400 == 200
E    +  where 400 = &lt;Response [400]&gt;.status_code</failure></testcase><testcase classname="tests.test_tracking_supplier_features.TestSupplierRegistration" name="test_check_registration_by_civil_id" time="0.103"><failure message="assert 400 == 200&#10; +  where 400 = &lt;Response [400]&gt;.status_code">tests/test_tracking_supplier_features.py:175: in test_check_registration_by_civil_id
    assert create_response.status_code == 200
E   assert 400 == 200
E    +  where 400 = &lt;Response [400]&gt;.status_code</failure></testcase><testcase classname="tests.test_tracking_supplier_features.TestSupplierRegistration" name="test_check_nonexistent_registration" time="0.300" /><testcase classname="tests.test_tracking_supplier_features.TestSupplierRegistration" name="test_duplicate_registration_rejected" time="0.254"><failure message="assert 400 == 200&#10; +  where 400 = &lt;Response [400]&gt;.status_code">tests/test_tracking_supplier_features.py:216: in test_duplicate_registration_rejected
    assert first_response.status_code == 200
E   assert 400 == 200
E    +  where 400 = &lt;Response [400]&gt;.status_code</failure></testcase></testsuite></testsuites>