<?xml version="1.0" encoding="utf-8"?><testsuites name="pytest tests"><testsuite name="pytest" errors="0" failures="0" skipped="0" tests="15" time="6.964" timestamp="2026-02-05T09:35:17.905769+00:00" hostname="agent-env-875778d9-42b7-4717-9b50-29d9b973ad5a"><testcase classname="backend.tests.test_tracking_system.TestTrackingSettings" name="test_get_tracking_settings" time="4.674" /><testcase classname="backend.tests.test_tracking_system.TestTrackingSettings" name="test_update_tracking_settings" time="0.324" /><testcase classname="backend.tests.test_tracking_system.TestWorkLocations" name="test_add_work_location" time="0.179" /><testcase classname="backend.tests.test_tracking_system.TestWorkLocations" name="test_delete_work_location" time="0.206" /><testcase classname="backend.tests.test_tracking_system.TestEmployeeLocation" name="test_post_employee_location" time="0.169" /><testcase classname="backend.tests.test_tracking_system.TestEmployeeLocation" name="test_post_location_missing_fields" time="0.144" /><testcase classname="backend.tests.test_tracking_system.TestEmployeeLocation" name="test_post_location_invalid_employee" time="0.152" /><testcase classname="backend.tests.test_tracking_system.TestTrackedEmployees" name="test_get_tracked_employees" time="0.079" /><testcase classname="backend.tests.test_tracking_system.TestTrackedEmployees" name="test_get_all_employees_with_phones" time="0.074" /><testcase classname="backend.tests.test_tracking_system.TestAlerts" name="test_get_alerts" time="0.067" /><testcase classname="backend.tests.test_tracking_system.TestAlerts" name="test_get_unread_alerts_count" time="0.075" /><testcase classname="backend.tests.test_tracking_system.TestRequestLocation" name="test_request_employee_location" time="0.152" /><testcase classname="backend.tests.test_tracking_system.TestRequestLocation" name="test_request_invalid_employee_location" time="0.145" /><testcase classname="backend.tests.test_tracking_system.TestLocationHistory" name="test_get_location_history" time="0.153" /><testcase classname="backend.tests.test_tracking_system.TestCleanup" name="test_cleanup_test_locations" time="0.135" /></testsuite></testsuites>