<?xml version="1.0" encoding="utf-8"?><testsuites name="pytest tests"><testsuite name="pytest" errors="0" failures="0" skipped="0" tests="12" time="11.932" timestamp="2026-02-12T08:27:31.504485+00:00" hostname="agent-env-3773a2bc-84a9-4b7b-abd6-06c86f98ea93"><testcase classname="tests.test_tracking_supplier_features.TestTrackingAPI" name="test_get_tracking_settings" time="9.407" /><testcase classname="tests.test_tracking_supplier_features.TestTrackingAPI" name="test_get_all_employees" time="0.245" /><testcase classname="tests.test_tracking_supplier_features.TestTrackingAPI" name="test_get_online_employees" time="0.110" /><testcase classname="tests.test_tracking_supplier_features.TestTrackingAPI" name="test_post_location_with_valid_employee" time="0.411" /><testcase classname="tests.test_tracking_supplier_features.TestTrackingAPI" name="test_post_location_with_invalid_employee" time="0.189" /><testcase classname="tests.test_tracking_supplier_features.TestTrackingAPI" name="test_get_tracking_alerts" time="0.119" /><testcase classname="tests.test_tracking_supplier_features.TestTrackingAPI" name="test_get_alerts_count" time="0.106" /><testcase classname="tests.test_tracking_supplier_features.TestSupplierRegistration" name="test_check_registration_status" time="0.160" /><testcase classname="tests.test_tracking_supplier_features.TestSupplierRegistration" name="test_submit_registration_when_open" time="0.297" /><testcase classname="tests.test_tracking_supplier_features.TestSupplierRegistration" name="test_check_existing_registration" time="0.109" /><testcase classname="tests.test_tracking_supplier_features.TestSupplierRegistration" name="test_check_nonexistent_registration" time="0.112" /><testcase classname="tests.test_tracking_supplier_features.TestSupplierRegistration" name="test_milk_types_available" time="0.111" /></testsuite></testsuites>