<?xml version="1.0" encoding="utf-8"?><testsuites name="pytest tests"><testsuite name="pytest" errors="0" failures="0" skipped="0" tests="8" time="5.549" timestamp="2026-02-12T07:49:41.629604+00:00" hostname="agent-env-3773a2bc-84a9-4b7b-abd6-06c86f98ea93"><testcase classname="backend.tests.test_tracking_language_features.TestTrackingAPIs" name="test_get_tracking_settings" time="3.357" /><testcase classname="backend.tests.test_tracking_language_features.TestTrackingAPIs" name="test_get_all_employees_with_location" time="0.374" /><testcase classname="backend.tests.test_tracking_language_features.TestTrackingAPIs" name="test_get_online_employees" time="0.365" /><testcase classname="backend.tests.test_tracking_language_features.TestTrackingAPIs" name="test_post_location_update" time="0.426" /><testcase classname="backend.tests.test_tracking_language_features.TestTrackingAPIs" name="test_get_tracking_alerts" time="0.364" /><testcase classname="backend.tests.test_tracking_language_features.TestTrackingAPIs" name="test_get_alerts_count" time="0.383" /><testcase classname="backend.tests.test_tracking_language_features.TestSupplierRegistrationAPI" name="test_check_registration_status" time="0.047" /><testcase classname="backend.tests.test_tracking_language_features.TestSupplierRegistrationAPI" name="test_check_supplier_by_civil_id_not_found" time="0.045" /></testsuite></testsuites>