<?xml version="1.0" encoding="utf-8"?><testsuites name="pytest tests"><testsuite name="pytest" errors="0" failures="0" skipped="0" tests="21" time="6.933" timestamp="2026-01-14T13:03:52.616842+00:00" hostname="agent-env-caa6c63a-4466-4459-8781-2c846cc13c7b"><testcase classname="tests.test_warehouse_absence_factor.TestWarehouseAPIs" name="test_get_warehouses" time="0.759" /><testcase classname="tests.test_warehouse_absence_factor.TestWarehouseAPIs" name="test_get_products" time="0.195" /><testcase classname="tests.test_warehouse_absence_factor.TestWarehouseAPIs" name="test_get_stock" time="0.244" /><testcase classname="tests.test_warehouse_absence_factor.TestWarehouseAPIs" name="test_get_stock_summary" time="0.263" /><testcase classname="tests.test_warehouse_absence_factor.TestWarehouseAPIs" name="test_create_warehouse" time="0.218" /><testcase classname="tests.test_warehouse_absence_factor.TestWarehouseAPIs" name="test_create_warehouse_duplicate_code" time="0.144" /><testcase classname="tests.test_warehouse_absence_factor.TestWarehouseAPIs" name="test_get_categories" time="0.052" /><testcase classname="tests.test_warehouse_absence_factor.TestWarehouseAPIs" name="test_get_movements" time="0.049" /><testcase classname="tests.test_warehouse_absence_factor.TestWarehouseAPIs" name="test_get_solutions" time="0.060" /><testcase classname="tests.test_warehouse_absence_factor.TestWarehouseStockOperations" name="test_receive_stock" time="0.875" /><testcase classname="tests.test_warehouse_absence_factor.TestAbsenceDeductionFactor" name="test_get_absence_deduction_factor" time="0.486" /><testcase classname="tests.test_warehouse_absence_factor.TestAbsenceDeductionFactor" name="test_update_absence_deduction_factor" time="0.281" /><testcase classname="tests.test_warehouse_absence_factor.TestAbsenceDeductionFactor" name="test_update_absence_factor_invalid_value" time="0.112" /><testcase classname="tests.test_warehouse_absence_factor.TestAbsenceDeductionFactor" name="test_update_absence_factor_all_valid_values" time="0.729" /><testcase classname="tests.test_warehouse_absence_factor.TestAttendanceReport" name="test_get_attendance_report" time="0.497" /><testcase classname="tests.test_warehouse_absence_factor.TestAttendanceReport" name="test_get_attendance_records" time="0.527" /><testcase classname="tests.test_warehouse_absence_factor.TestAttendanceReport" name="test_get_attendance_with_date_filter" time="0.165" /><testcase classname="tests.test_warehouse_absence_factor.TestPayrollCalculation" name="test_get_payroll_periods" time="0.407" /><testcase classname="tests.test_warehouse_absence_factor.TestPayrollCalculation" name="test_payroll_period_details" time="0.055" /><testcase classname="tests.test_warehouse_absence_factor.TestWarehouseReports" name="test_get_stock_value_report" time="0.431" /><testcase classname="tests.test_warehouse_absence_factor.TestWarehouseReports" name="test_get_movements_summary" time="0.063" /></testsuite></testsuites>