<?xml version="1.0" encoding="utf-8"?><testsuites name="pytest tests"><testsuite name="pytest" errors="1" failures="1" skipped="0" tests="21" time="6.196" timestamp="2026-01-14T13:02:54.897756+00:00" hostname="agent-env-caa6c63a-4466-4459-8781-2c846cc13c7b"><testcase classname="tests.test_warehouse_absence_factor.TestWarehouseAPIs" name="test_get_warehouses" time="0.464" /><testcase classname="tests.test_warehouse_absence_factor.TestWarehouseAPIs" name="test_get_products" time="0.064" /><testcase classname="tests.test_warehouse_absence_factor.TestWarehouseAPIs" name="test_get_stock" time="0.054" /><testcase classname="tests.test_warehouse_absence_factor.TestWarehouseAPIs" name="test_get_stock_summary" time="0.074" /><testcase classname="tests.test_warehouse_absence_factor.TestWarehouseAPIs" name="test_create_warehouse" time="0.079" /><testcase classname="tests.test_warehouse_absence_factor.TestWarehouseAPIs" name="test_create_warehouse_duplicate_code" time="0.062"><failure message="AssertionError: First create should succeed: {&quot;detail&quot;:[{&quot;type&quot;:&quot;missing&quot;,&quot;loc&quot;:[&quot;body&quot;,&quot;location&quot;],&quot;msg&quot;:&quot;Field required&quot;,&quot;input&quot;:{&quot;code&quot;:&quot;TEST-DUP-8D9ACE&quot;,&quot;name&quot;:&quot;مخزن اختبار TEST-DUP-8D9ACE&quot;,&quot;warehouse_type&quot;:&quot;main&quot;,&quot;status&quot;:&quot;active&quot;},&quot;url&quot;:&quot;https://errors.pydantic.dev/2.12/v/missing&quot;}]}&#10;assert 422 == 200&#10; +  where 422 = &lt;Response [422]&gt;.status_code">tests/test_warehouse_absence_factor.py:119: in test_create_warehouse_duplicate_code
    assert response1.status_code == 200, f"First create should succeed: {response1.text}"
E   AssertionError: First create should succeed: {"detail":[{"type":"missing","loc":["body","location"],"msg":"Field required","input":{"code":"TEST-DUP-8D9ACE","name":"مخزن اختبار TEST-DUP-8D9ACE","warehouse_type":"main","status":"active"},"url":"https://errors.pydantic.dev/2.12/v/missing"}]}
E   assert 422 == 200
E    +  where 422 = &lt;Response [422]&gt;.status_code</failure></testcase><testcase classname="tests.test_warehouse_absence_factor.TestWarehouseAPIs" name="test_get_categories" time="0.064" /><testcase classname="tests.test_warehouse_absence_factor.TestWarehouseAPIs" name="test_get_movements" time="0.086" /><testcase classname="tests.test_warehouse_absence_factor.TestWarehouseAPIs" name="test_get_solutions" time="0.088" /><testcase classname="tests.test_warehouse_absence_factor.TestWarehouseStockOperations" name="test_receive_stock" time="0.402"><error message="failed on setup with &quot;AssertionError: Failed to create test warehouse: {&quot;detail&quot;:[{&quot;type&quot;:&quot;missing&quot;,&quot;loc&quot;:[&quot;body&quot;,&quot;location&quot;],&quot;msg&quot;:&quot;Field required&quot;,&quot;input&quot;:{&quot;code&quot;:&quot;TEST-STOCK-608359&quot;,&quot;name&quot;:&quot;مخزن عمليات المخزون TEST-STOCK-608359&quot;,&quot;warehouse_type&quot;:&quot;main&quot;,&quot;status&quot;:&quot;active&quot;},&quot;url&quot;:&quot;https://errors.pydantic.dev/2.12/v/missing&quot;}]}&#10;assert 422 == 200&#10; +  where 422 = &lt;Response [422]&gt;.status_code&quot;">tests/test_warehouse_absence_factor.py:166: in test_warehouse
    assert response.status_code == 200, f"Failed to create test warehouse: {response.text}"
E   AssertionError: Failed to create test warehouse: {"detail":[{"type":"missing","loc":["body","location"],"msg":"Field required","input":{"code":"TEST-STOCK-608359","name":"مخزن عمليات المخزون TEST-STOCK-608359","warehouse_type":"main","status":"active"},"url":"https://errors.pydantic.dev/2.12/v/missing"}]}
E   assert 422 == 200
E    +  where 422 = &lt;Response [422]&gt;.status_code</error></testcase><testcase classname="tests.test_warehouse_absence_factor.TestAbsenceDeductionFactor" name="test_get_absence_deduction_factor" time="0.408" /><testcase classname="tests.test_warehouse_absence_factor.TestAbsenceDeductionFactor" name="test_update_absence_deduction_factor" time="0.343" /><testcase classname="tests.test_warehouse_absence_factor.TestAbsenceDeductionFactor" name="test_update_absence_factor_invalid_value" time="0.097" /><testcase classname="tests.test_warehouse_absence_factor.TestAbsenceDeductionFactor" name="test_update_absence_factor_all_valid_values" time="0.736" /><testcase classname="tests.test_warehouse_absence_factor.TestAttendanceReport" name="test_get_attendance_report" time="0.498" /><testcase classname="tests.test_warehouse_absence_factor.TestAttendanceReport" name="test_get_attendance_records" time="0.937" /><testcase classname="tests.test_warehouse_absence_factor.TestAttendanceReport" name="test_get_attendance_with_date_filter" time="0.134" /><testcase classname="tests.test_warehouse_absence_factor.TestPayrollCalculation" name="test_get_payroll_periods" time="0.456" /><testcase classname="tests.test_warehouse_absence_factor.TestPayrollCalculation" name="test_payroll_period_details" time="0.054" /><testcase classname="tests.test_warehouse_absence_factor.TestWarehouseReports" name="test_get_stock_value_report" time="0.380" /><testcase classname="tests.test_warehouse_absence_factor.TestWarehouseReports" name="test_get_movements_summary" time="0.287" /></testsuite></testsuites>