<?xml version="1.0" encoding="utf-8"?><testsuites name="pytest tests"><testsuite name="pytest" errors="0" failures="0" skipped="0" tests="20" time="4.799" timestamp="2026-01-14T16:03:40.655766+00:00" hostname="agent-env-caa6c63a-4466-4459-8781-2c846cc13c7b"><testcase classname="tests.test_warehouse_finance_fingerprint.TestWarehouseFinancialIntegration" name="test_01_verify_finance_accounts_exist" time="0.810" /><testcase classname="tests.test_warehouse_finance_fingerprint.TestWarehouseFinancialIntegration" name="test_02_create_test_warehouse_and_product" time="0.180" /><testcase classname="tests.test_warehouse_finance_fingerprint.TestWarehouseFinancialIntegration" name="test_03_receive_stock_creates_journal_entry" time="0.268" /><testcase classname="tests.test_warehouse_finance_fingerprint.TestWarehouseFinancialIntegration" name="test_04_issue_stock_for_sales_creates_cogs_entry" time="0.113" /><testcase classname="tests.test_warehouse_finance_fingerprint.TestWarehouseFinancialIntegration" name="test_05_issue_stock_for_consumption_creates_expense_entry" time="0.178" /><testcase classname="tests.test_warehouse_finance_fingerprint.TestStockAvailabilityAndReservation" name="test_06_check_stock_availability" time="0.047" /><testcase classname="tests.test_warehouse_finance_fingerprint.TestStockAvailabilityAndReservation" name="test_07_check_stock_availability_insufficient" time="0.075" /><testcase classname="tests.test_warehouse_finance_fingerprint.TestStockAvailabilityAndReservation" name="test_08_reserve_stock" time="0.092" /><testcase classname="tests.test_warehouse_finance_fingerprint.TestStockAvailabilityAndReservation" name="test_09_release_reservation" time="0.057" /><testcase classname="tests.test_warehouse_finance_fingerprint.TestStockAvailabilityAndReservation" name="test_10_release_nonexistent_reservation" time="0.040" /><testcase classname="tests.test_warehouse_finance_fingerprint.TestFinancialReports" name="test_11_stock_value_report" time="0.067" /><testcase classname="tests.test_warehouse_finance_fingerprint.TestFinancialReports" name="test_12_stock_value_report_by_warehouse" time="0.051" /><testcase classname="tests.test_warehouse_finance_fingerprint.TestFinancialReports" name="test_13_stock_value_report_by_center" time="0.041" /><testcase classname="tests.test_warehouse_finance_fingerprint.TestFinancialReports" name="test_14_movements_summary" time="0.034" /><testcase classname="tests.test_warehouse_finance_fingerprint.TestMultiFingerprintSync" name="test_15_get_test_employee_with_additional_fingerprints" time="0.052" /><testcase classname="tests.test_warehouse_finance_fingerprint.TestMultiFingerprintSync" name="test_16_sync_attendance_with_primary_fingerprint" time="0.330" /><testcase classname="tests.test_warehouse_finance_fingerprint.TestMultiFingerprintSync" name="test_17_sync_attendance_with_additional_fingerprint" time="0.343" /><testcase classname="tests.test_warehouse_finance_fingerprint.TestMultiFingerprintSync" name="test_18_bulk_sync_attendance_with_center_matching" time="0.490" /><testcase classname="tests.test_warehouse_finance_fingerprint.TestMultiFingerprintSync" name="test_19_verify_multi_location_attendance" time="0.245" /><testcase classname="tests.test_warehouse_finance_fingerprint.TestCleanup" name="test_99_cleanup_test_data" time="0.235" /></testsuite></testsuites>