<?xml version="1.0" encoding="utf-8"?><testsuites name="pytest tests"><testsuite name="pytest" errors="0" failures="1" skipped="0" tests="14" time="3.528" timestamp="2026-01-14T14:29:29.211071+00:00" hostname="agent-env-caa6c63a-4466-4459-8781-2c846cc13c7b"><testcase classname="tests.test_warehouse_centers_alerts.TestWarehouseCenters" name="test_get_centers_returns_six_centers" time="1.014" /><testcase classname="tests.test_warehouse_centers_alerts.TestWarehouseCenters" name="test_get_warehouse_categories" time="0.032" /><testcase classname="tests.test_warehouse_centers_alerts.TestWarehouseInitialization" name="test_initialize_all_warehouses" time="0.180" /><testcase classname="tests.test_warehouse_centers_alerts.TestWarehousesByCenter" name="test_get_warehouses_by_center" time="0.078" /><testcase classname="tests.test_warehouse_centers_alerts.TestWarehousesByCenter" name="test_get_warehouses_filtered_by_center" time="0.071" /><testcase classname="tests.test_warehouse_centers_alerts.TestWarehousesByCenter" name="test_get_all_warehouses" time="0.069" /><testcase classname="tests.test_warehouse_centers_alerts.TestWarehouseAlerts" name="test_get_alerts" time="0.073" /><testcase classname="tests.test_warehouse_centers_alerts.TestWarehouseAlerts" name="test_get_alerts_summary" time="0.051" /><testcase classname="tests.test_warehouse_centers_alerts.TestWarehouseAlerts" name="test_get_alerts_filtered_by_resolved" time="0.037" /><testcase classname="tests.test_warehouse_centers_alerts.TestWarehouseAlerts" name="test_trigger_stock_check" time="0.055" /><testcase classname="tests.test_warehouse_centers_alerts.TestAlertRecipients" name="test_update_alert_recipients" time="0.170" /><testcase classname="tests.test_warehouse_centers_alerts.TestAlertResolve" name="test_resolve_nonexistent_alert" time="0.052" /><testcase classname="tests.test_warehouse_centers_alerts.TestWarehouseStructure" name="test_warehouse_has_center_fields" time="0.079"><failure message="AssertionError: assert 'center_name' in {'capacity': None, 'code': 'TEST-DUP-8B20EB', 'created_at': '2026-01-14T13:03:54.672007+00:00', 'id': '434d8170-077a-4f2e-9870-3ca3a4b101cd', ...}">tests/test_warehouse_centers_alerts.py:259: in test_warehouse_has_center_fields
    assert "center_name" in wh
E   AssertionError: assert 'center_name' in {'capacity': None, 'code': 'TEST-DUP-8B20EB', 'created_at': '2026-01-14T13:03:54.672007+00:00', 'id': '434d8170-077a-4f2e-9870-3ca3a4b101cd', ...}</failure></testcase><testcase classname="tests.test_warehouse_centers_alerts.TestWarehouseStructure" name="test_warehouse_parent_child_relationship" time="0.060" /></testsuite></testsuites>