<?xml version="1.0" encoding="utf-8"?><testsuites name="pytest tests"><testsuite name="pytest" errors="0" failures="0" skipped="0" tests="15" time="3.953" timestamp="2026-01-27T10:34:03.764614+00:00" hostname="agent-env-6ff453d9-8066-4909-b5fb-f88e1310880d"><testcase classname="backend.tests.test_warehouse_storage_assets.TestWarehousesByCenter" name="test_get_warehouses_by_center_returns_200" time="1.923" /><testcase classname="backend.tests.test_warehouse_storage_assets.TestWarehousesByCenter" name="test_get_warehouses_by_center_structure" time="0.089" /><testcase classname="backend.tests.test_warehouse_storage_assets.TestWarehousesByCenter" name="test_warehouses_have_required_fields" time="0.087" /><testcase classname="backend.tests.test_warehouse_storage_assets.TestCreateWarehouse" name="test_create_warehouse_success" time="0.072" /><testcase classname="backend.tests.test_warehouse_storage_assets.TestCreateWarehouse" name="test_create_warehouse_with_parent" time="0.161" /><testcase classname="backend.tests.test_warehouse_storage_assets.TestCreateWarehouse" name="test_create_warehouse_duplicate_code_fails" time="0.334" /><testcase classname="backend.tests.test_warehouse_storage_assets.TestFixedAssetsAPI" name="test_get_fixed_assets_returns_200" time="0.076" /><testcase classname="backend.tests.test_warehouse_storage_assets.TestFixedAssetsAPI" name="test_get_fixed_assets_stats_returns_200" time="0.086" /><testcase classname="backend.tests.test_warehouse_storage_assets.TestFixedAssetsAPI" name="test_create_fixed_asset_success" time="0.144" /><testcase classname="backend.tests.test_warehouse_storage_assets.TestFixedAssetsAPI" name="test_get_fixed_asset_by_id" time="0.151" /><testcase classname="backend.tests.test_warehouse_storage_assets.TestFixedAssetsAPI" name="test_filter_fixed_assets_by_category" time="0.069" /><testcase classname="backend.tests.test_warehouse_storage_assets.TestFixedAssetsAPI" name="test_filter_fixed_assets_by_status" time="0.069" /><testcase classname="backend.tests.test_warehouse_storage_assets.TestFixedAssetTransfer" name="test_transfer_fixed_asset" time="0.240" /><testcase classname="backend.tests.test_warehouse_storage_assets.TestInitializeWarehouses" name="test_initialize_warehouses_returns_200" time="0.121" /><testcase classname="backend.tests.test_warehouse_storage_assets.TestWarehouseCenters" name="test_get_centers_returns_200" time="0.068" /></testsuite></testsuites>