<?xml version="1.0" encoding="utf-8"?><testsuites name="pytest tests"><testsuite name="pytest" errors="0" failures="0" skipped="0" tests="14" time="3.689" timestamp="2026-01-14T14:30:35.283860+00:00" hostname="agent-env-caa6c63a-4466-4459-8781-2c846cc13c7b"><testcase classname="tests.test_warehouse_centers_alerts.TestWarehouseCenters" name="test_get_centers_returns_six_centers" time="0.900" /><testcase classname="tests.test_warehouse_centers_alerts.TestWarehouseCenters" name="test_get_warehouse_categories" time="0.167" /><testcase classname="tests.test_warehouse_centers_alerts.TestWarehouseInitialization" name="test_initialize_all_warehouses" time="0.524" /><testcase classname="tests.test_warehouse_centers_alerts.TestWarehousesByCenter" name="test_get_warehouses_by_center" time="0.074" /><testcase classname="tests.test_warehouse_centers_alerts.TestWarehousesByCenter" name="test_get_warehouses_filtered_by_center" time="0.090" /><testcase classname="tests.test_warehouse_centers_alerts.TestWarehousesByCenter" name="test_get_all_warehouses" time="0.094" /><testcase classname="tests.test_warehouse_centers_alerts.TestWarehouseAlerts" name="test_get_alerts" time="0.064" /><testcase classname="tests.test_warehouse_centers_alerts.TestWarehouseAlerts" name="test_get_alerts_summary" time="0.099" /><testcase classname="tests.test_warehouse_centers_alerts.TestWarehouseAlerts" name="test_get_alerts_filtered_by_resolved" time="0.038" /><testcase classname="tests.test_warehouse_centers_alerts.TestWarehouseAlerts" name="test_trigger_stock_check" time="0.059" /><testcase classname="tests.test_warehouse_centers_alerts.TestAlertRecipients" name="test_update_alert_recipients" time="0.260" /><testcase classname="tests.test_warehouse_centers_alerts.TestAlertResolve" name="test_resolve_nonexistent_alert" time="0.075" /><testcase classname="tests.test_warehouse_centers_alerts.TestWarehouseStructure" name="test_warehouse_has_center_fields" time="0.091" /><testcase classname="tests.test_warehouse_centers_alerts.TestWarehouseStructure" name="test_warehouse_parent_child_relationship" time="0.083" /></testsuite></testsuites>